Using pre-set license
Built from '2020.3/release' branch; Version is '2020.3.2f1 (8fd9074bf66c) revision 9427207'; Using compiler version '192528614'; Build Type 'Release'
OS: 'Windows 10 Home; OS build 19041.928; Version 2004; 64bit' Language: 'es' Physical Memory: 32682 MB
BatchMode: 1, IsHumanControllingUs: 0, StartBugReporterOnCrash: 0, Is64bit: 1, IsPro: 0

 COMMAND LINE ARGUMENTS:
D:\Unity\Editor\Unity.exe
-adb2
-batchMode
-noUpm
-name
AssetImportWorker0
-projectPath
D:/Babies Please/BabiesPlease
-logFile
Logs/AssetImportWorker0.log
-srvPort
55485
Successfully changed project path to: D:/Babies Please/BabiesPlease
D:/Babies Please/BabiesPlease
Using Asset Import Pipeline V2.
Refreshing native plugins compatible for Editor in 57.96 ms, found 1 plugins.
Preloading 0 native plugins for Editor in 0.00 ms.
Initialize engine version: 2020.3.2f1 (8fd9074bf66c)
[Subsystems] Discovering subsystems at path D:/Unity/Editor/Data/Resources/UnitySubsystems
[Subsystems] Discovering subsystems at path D:/Babies Please/BabiesPlease/Assets
GfxDevice: creating device client; threaded=0
Direct3D:
    Version:  Direct3D 11.0 [level 11.1]
    Renderer: NVIDIA GeForce GTX 980M (ID=0x13d7)
    Vendor:   
    VRAM:     4053 MB
    Driver:   27.21.14.6589
Initialize mono
Mono path[0] = 'D:/Unity/Editor/Data/Managed'
Mono path[1] = 'D:/Unity/Editor/Data/MonoBleedingEdge/lib/mono/unityjit'
Mono config path = 'D:/Unity/Editor/Data/MonoBleedingEdge/etc'
Using monoOptions --debugger-agent=transport=dt_socket,embedding=1,server=y,suspend=n,address=127.0.0.1:56156
Begin MonoManager ReloadAssembly
Registering precompiled unity dll's ...
Register platform support module: D:/Unity/Editor/Data/PlaybackEngines/WindowsStandaloneSupport/UnityEditor.WindowsStandalone.Extensions.dll
Registered in 0.007818 seconds.
Native extension for WindowsStandalone target not found
Refreshing native plugins compatible for Editor in 48.91 ms, found 1 plugins.
Preloading 0 native plugins for Editor in 0.00 ms.
Invoked RoslynAnalysisRunner static constructor.
RoslynAnalysisRunner will not be running.
RoslynAnalysisRunner has terminated.
Mono: successfully reloaded assembly
- Completed reload, in  1.917 seconds
Platform modules already initialized, skipping
Registering precompiled user dll's ...
Registered in 0.002299 seconds.
Begin MonoManager ReloadAssembly
Native extension for WindowsStandalone target not found
Refreshing native plugins compatible for Editor in 58.44 ms, found 1 plugins.
Preloading 0 native plugins for Editor in 0.00 ms.
Invoked RoslynAnalysisRunner static constructor.
RoslynAnalysisRunner will not be running.
RoslynAnalysisRunner has terminated.
Mono: successfully reloaded assembly
- Completed reload, in  1.762 seconds
Platform modules already initialized, skipping
========================================================================
Worker process is ready to serve import requests
Launched and connected shader compiler UnityShaderCompiler.exe after 0.07 seconds
Refreshing native plugins compatible for Editor in 0.64 ms, found 1 plugins.
Preloading 0 native plugins for Editor in 0.00 ms.
Unloading 1869 Unused Serialized files (Serialized files now loaded: 0)
System memory in use before: 88.2 MB.
System memory in use after: 88.2 MB.

Unloading 24 unused Assets to reduce memory usage. Loaded Objects now: 2312.
Total: 3.150100 ms (FindLiveObjects: 0.417900 ms CreateObjectMapping: 0.219900 ms MarkObjects: 2.343100 ms  DeleteObjects: 0.167400 ms)

========================================================================
Received Import Request.
  path: Assets/Codigo/Other
  artifactKey: Guid(0ecb75a8e0734df4bacb303e7d7313c7) Importer(815301076,1909f56bfc062723c751e8b465ee728b)
Start importing Assets/Codigo/Other using Guid(0ecb75a8e0734df4bacb303e7d7313c7) Importer(815301076,1909f56bfc062723c751e8b465ee728b)  -> (artifact id: '28fa3adb31b32b913be61c886b9f6af5') in 0.016074 seconds
  Import took 0.025055 seconds .

========================================================================
Received Import Request.
  Time since last request: 16.184256 seconds.
  path: Assets/Scenes/escenas/Menu_Principal.unity
  artifactKey: Guid(726e455371d51b54dad284c9595e889e) Importer(815301076,1909f56bfc062723c751e8b465ee728b)
Start importing Assets/Scenes/escenas/Menu_Principal.unity using Guid(726e455371d51b54dad284c9595e889e) Importer(815301076,1909f56bfc062723c751e8b465ee728b)  -> (artifact id: 'bf3f60eb4cde882c66f7f9e612b0f03c') in 0.021530 seconds
  Import took 0.027273 seconds .

========================================================================
Received Import Request.
  Time since last request: 1.312105 seconds.
  path: Assets/Codigo/Data
  artifactKey: Guid(b44ca08ce7799934187ab5cdf08f665f) Importer(815301076,1909f56bfc062723c751e8b465ee728b)
Start importing Assets/Codigo/Data using Guid(b44ca08ce7799934187ab5cdf08f665f) Importer(815301076,1909f56bfc062723c751e8b465ee728b)  -> (artifact id: 'b22a2f6f11c251b041cd1f8184d26f60') in 0.011615 seconds
  Import took 0.017990 seconds .

========================================================================
Received Import Request.
  Time since last request: 0.798381 seconds.
  path: Assets/Codigo/Factory
  artifactKey: Guid(760bff0db3d8f1740b84775ad5848e56) Importer(815301076,1909f56bfc062723c751e8b465ee728b)
Start importing Assets/Codigo/Factory using Guid(760bff0db3d8f1740b84775ad5848e56) Importer(815301076,1909f56bfc062723c751e8b465ee728b)  -> (artifact id: 'f3a5318beb13d3bac38318c95480545f') in 0.009390 seconds
  Import took 0.012807 seconds .

========================================================================
Received Import Request.
  Time since last request: 3.279256 seconds.
  path: Assets/Codigo/Control
  artifactKey: Guid(1fea0af1b1340c54092bce4d0ca5591c) Importer(815301076,1909f56bfc062723c751e8b465ee728b)
Start importing Assets/Codigo/Control using Guid(1fea0af1b1340c54092bce4d0ca5591c) Importer(815301076,1909f56bfc062723c751e8b465ee728b)  -> (artifact id: 'e8a0a61dad6b08bd940ee75732a3e055') in 0.013393 seconds
  Import took 0.018303 seconds .

========================================================================
Received Import Request.
  Time since last request: 2.349710 seconds.
  path: Assets/Codigo/UI
  artifactKey: Guid(215c7544644e94a49bb0613f700986a7) Importer(815301076,1909f56bfc062723c751e8b465ee728b)
Start importing Assets/Codigo/UI using Guid(215c7544644e94a49bb0613f700986a7) Importer(815301076,1909f56bfc062723c751e8b465ee728b)  -> (artifact id: '45e40e5c065ecc30218a85caa69ebdaf') in 0.015936 seconds
  Import took 0.021417 seconds .

========================================================================
Received Import Request.
  Time since last request: 4.444367 seconds.
  path: Assets/Codigo/Other/ButtonActiveTime.cs
  artifactKey: Guid(feb39c6b73d59f044a8a5979112c4044) Importer(815301076,1909f56bfc062723c751e8b465ee728b)
Start importing Assets/Codigo/Other/ButtonActiveTime.cs using Guid(feb39c6b73d59f044a8a5979112c4044) Importer(815301076,1909f56bfc062723c751e8b465ee728b)  -> (artifact id: '6a288f7c2f226dca44c6b9ae693b74fc') in 0.065274 seconds
  Import took 0.071307 seconds .

========================================================================
Received Import Request.
  Time since last request: 2.800539 seconds.
  path: Assets/Codigo/UI/ChatManager.cs
  artifactKey: Guid(86c7113f296da2349990ca08b18f86d5) Importer(815301076,1909f56bfc062723c751e8b465ee728b)
Start importing Assets/Codigo/UI/ChatManager.cs using Guid(86c7113f296da2349990ca08b18f86d5) Importer(815301076,1909f56bfc062723c751e8b465ee728b)  -> (artifact id: 'da1b5f78400cd22a1b27a56c0058abd6') in 0.011132 seconds
  Import took 0.016752 seconds .

========================================================================
Received Import Request.
  Time since last request: 16.575277 seconds.
  path: Assets/Codigo/Control/ControlGame.cs
  artifactKey: Guid(39c6777511ae0f04ea4b9e385f75e500) Importer(815301076,1909f56bfc062723c751e8b465ee728b)
Start importing Assets/Codigo/Control/ControlGame.cs using Guid(39c6777511ae0f04ea4b9e385f75e500) Importer(815301076,1909f56bfc062723c751e8b465ee728b)  -> (artifact id: '23ab7793e885de8f4a702819fa8f6b2b') in 0.014850 seconds
  Import took 0.021407 seconds .

========================================================================
Received Import Request.
  Time since last request: 2.749700 seconds.
  path: Assets/Codigo/Control/ControlDataBetweenScenes.cs
  artifactKey: Guid(5ac8ed7a2d5ec6d4d937dddc11591d65) Importer(815301076,1909f56bfc062723c751e8b465ee728b)
Start importing Assets/Codigo/Control/ControlDataBetweenScenes.cs using Guid(5ac8ed7a2d5ec6d4d937dddc11591d65) Importer(815301076,1909f56bfc062723c751e8b465ee728b)  -> (artifact id: '287bc332b128b097226be174d22cfcb4') in 0.013280 seconds
  Import took 0.019422 seconds .

========================================================================
Received Import Request.
  Time since last request: 0.618516 seconds.
  path: Assets/Codigo/Control/ControlBaby.cs
  artifactKey: Guid(6e11820a7ab74594d9222c5864c2b45f) Importer(815301076,1909f56bfc062723c751e8b465ee728b)
Start importing Assets/Codigo/Control/ControlBaby.cs using Guid(6e11820a7ab74594d9222c5864c2b45f) Importer(815301076,1909f56bfc062723c751e8b465ee728b)  -> (artifact id: '7e02e1ffd4db9dbfa8a7490c1c1be5f3') in 0.011619 seconds
  Import took 0.017525 seconds .

========================================================================
Received Prepare
Registering precompiled user dll's ...
Registered in 0.002907 seconds.
Begin MonoManager ReloadAssembly
Native extension for WindowsStandalone target not found
Refreshing native plugins compatible for Editor in 1.30 ms, found 1 plugins.
Preloading 0 native plugins for Editor in 0.00 ms.
Invoked RoslynAnalysisRunner static constructor.
RoslynAnalysisRunner will not be running.
RoslynAnalysisRunner has terminated.
Mono: successfully reloaded assembly
- Completed reload, in  2.017 seconds
Platform modules already initialized, skipping
Refreshing native plugins compatible for Editor in 0.84 ms, found 1 plugins.
Preloading 0 native plugins for Editor in 0.00 ms.
Unloading 1851 Unused Serialized files (Serialized files now loaded: 0)
System memory in use before: 86.9 MB.
System memory in use after: 86.9 MB.

Unloading 12 unused Assets to reduce memory usage. Loaded Objects now: 2316.
Total: 6.137100 ms (FindLiveObjects: 0.423200 ms CreateObjectMapping: 0.189000 ms MarkObjects: 5.253100 ms  DeleteObjects: 0.268900 ms)

AssetImportWorkerClient::OnTransportError - code=2 error=End of file
