Using pre-set license
Built from '2020.3/release' branch; Version is '2020.3.2f1 (8fd9074bf66c) revision 9427207'; Using compiler version '192528614'; Build Type 'Release'
OS: 'Windows 10 Pro; OS build 19042.928; Version 2009; 64bit' Language: 'es' Physical Memory: 8138 MB
BatchMode: 1, IsHumanControllingUs: 0, StartBugReporterOnCrash: 0, Is64bit: 1, IsPro: 0

 COMMAND LINE ARGUMENTS:
C:\Program Files\Unity\Hub\Editor\2020.3.2f1\Editor\Unity.exe
-adb2
-batchMode
-noUpm
-name
AssetImportWorker0
-projectPath
C:/Unity/BabiesPlease
-logFile
Logs/AssetImportWorker0.log
-srvPort
51921
Successfully changed project path to: C:/Unity/BabiesPlease
C:/Unity/BabiesPlease
Using Asset Import Pipeline V2.
Refreshing native plugins compatible for Editor in 41.02 ms, found 1 plugins.
Preloading 0 native plugins for Editor in 0.00 ms.
Initialize engine version: 2020.3.2f1 (8fd9074bf66c)
[Subsystems] Discovering subsystems at path C:/Program Files/Unity/Hub/Editor/2020.3.2f1/Editor/Data/Resources/UnitySubsystems
[Subsystems] Discovering subsystems at path C:/Unity/BabiesPlease/Assets
GfxDevice: creating device client; threaded=0
Direct3D:
    Version:  Direct3D 11.0 [level 11.1]
    Renderer: Radeon (TM) RX 470 Graphics (ID=0x67df)
    Vendor:   
    VRAM:     8171 MB
    Driver:   27.20.12029.1000
Initialize mono
Mono path[0] = 'C:/Program Files/Unity/Hub/Editor/2020.3.2f1/Editor/Data/Managed'
Mono path[1] = 'C:/Program Files/Unity/Hub/Editor/2020.3.2f1/Editor/Data/MonoBleedingEdge/lib/mono/unityjit'
Mono config path = 'C:/Program Files/Unity/Hub/Editor/2020.3.2f1/Editor/Data/MonoBleedingEdge/etc'
Using monoOptions --debugger-agent=transport=dt_socket,embedding=1,server=y,suspend=n,address=127.0.0.1:56456
Begin MonoManager ReloadAssembly
Registering precompiled unity dll's ...
Register platform support module: C:/Program Files/Unity/Hub/Editor/2020.3.2f1/Editor/Data/PlaybackEngines/WindowsStandaloneSupport/UnityEditor.WindowsStandalone.Extensions.dll
Registered in 0.003569 seconds.
Native extension for WindowsStandalone target not found
Refreshing native plugins compatible for Editor in 42.22 ms, found 1 plugins.
Preloading 0 native plugins for Editor in 0.00 ms.
Invoked RoslynAnalysisRunner static constructor.
RoslynAnalysisRunner will not be running.
RoslynAnalysisRunner has terminated.
Mono: successfully reloaded assembly
- Completed reload, in  1.284 seconds
Platform modules already initialized, skipping
Registering precompiled user dll's ...
Registered in 0.001296 seconds.
Begin MonoManager ReloadAssembly
Native extension for WindowsStandalone target not found
Refreshing native plugins compatible for Editor in 38.37 ms, found 1 plugins.
Preloading 0 native plugins for Editor in 0.00 ms.
Invoked RoslynAnalysisRunner static constructor.
RoslynAnalysisRunner will not be running.
RoslynAnalysisRunner has terminated.
Mono: successfully reloaded assembly
- Completed reload, in  1.109 seconds
Platform modules already initialized, skipping
========================================================================
Worker process is ready to serve import requests
Launched and connected shader compiler UnityShaderCompiler.exe after 0.61 seconds
Refreshing native plugins compatible for Editor in 0.45 ms, found 1 plugins.
Preloading 0 native plugins for Editor in 0.00 ms.
Unloading 1869 Unused Serialized files (Serialized files now loaded: 0)
System memory in use before: 88.2 MB.
System memory in use after: 88.3 MB.

Unloading 19 unused Assets to reduce memory usage. Loaded Objects now: 2317.
Total: 2.176000 ms (FindLiveObjects: 0.194500 ms CreateObjectMapping: 0.119200 ms MarkObjects: 1.786900 ms  DeleteObjects: 0.073500 ms)

========================================================================
Received Import Request.
  path: Assets/Scenes/escenas/Menu_Principal.unity
  artifactKey: Guid(726e455371d51b54dad284c9595e889e) Importer(815301076,1909f56bfc062723c751e8b465ee728b)
Start importing Assets/Scenes/escenas/Menu_Principal.unity using Guid(726e455371d51b54dad284c9595e889e) Importer(815301076,1909f56bfc062723c751e8b465ee728b)  -> (artifact id: '147c74ae3c0b8c7fbb55c900b814e322') in 0.014763 seconds
  Import took 0.116209 seconds .

========================================================================
Received Import Request.
  Time since last request: 170.600969 seconds.
  path: Assets/Scenes/escenas/Juego.unity
  artifactKey: Guid(9415e0a7329c07445a74a91f71aa33b3) Importer(815301076,1909f56bfc062723c751e8b465ee728b)
Start importing Assets/Scenes/escenas/Juego.unity using Guid(9415e0a7329c07445a74a91f71aa33b3) Importer(815301076,1909f56bfc062723c751e8b465ee728b)  -> (artifact id: 'bd33a6faa5352279016f34b5246c77f2') in 0.020640 seconds
  Import took 0.056160 seconds .

========================================================================
Received Import Request.
  Time since last request: 386.240178 seconds.
  path: Assets/Data/Prefab
  artifactKey: Guid(138f1daeffd80384992ffbc00cd1c29a) Importer(815301076,1909f56bfc062723c751e8b465ee728b)
Start importing Assets/Data/Prefab using Guid(138f1daeffd80384992ffbc00cd1c29a) Importer(815301076,1909f56bfc062723c751e8b465ee728b)  -> (artifact id: '17318ae71d2a28e5079b632a8600e1c2') in 0.046192 seconds
  Import took 0.060409 seconds .

========================================================================
Received Import Request.
  Time since last request: 3.473941 seconds.
  path: Assets/Data/Prefab/Bebe 1.prefab
  artifactKey: Guid(892d2003c5f4d8e4daca78ddc4b59df5) Importer(815301076,1909f56bfc062723c751e8b465ee728b)
Start importing Assets/Data/Prefab/Bebe 1.prefab using Guid(892d2003c5f4d8e4daca78ddc4b59df5) Importer(815301076,1909f56bfc062723c751e8b465ee728b)  -> (artifact id: '14923834cf12e2b3fc18fa288175178d') in 0.151335 seconds
  Import took 0.155621 seconds .

========================================================================
Received Import Request.
  Time since last request: 120.553041 seconds.
  path: Assets/Data/Baby1 1.asset
  artifactKey: Guid(24c889f44e78caf44ad963b0b4da27aa) Importer(815301076,1909f56bfc062723c751e8b465ee728b)
Start importing Assets/Data/Baby1 1.asset using Guid(24c889f44e78caf44ad963b0b4da27aa) Importer(815301076,1909f56bfc062723c751e8b465ee728b)  -> (artifact id: 'e0621c152355888802ab57b30e9b6b8e') in 0.033672 seconds
  Import took 0.068790 seconds .

========================================================================
Received Import Request.
  Time since last request: 0.987978 seconds.
  path: Assets/Data/Baby1 2.asset
  artifactKey: Guid(b5ae3fb4c413abb41a8b89489caeb927) Importer(815301076,1909f56bfc062723c751e8b465ee728b)
Start importing Assets/Data/Baby1 2.asset using Guid(b5ae3fb4c413abb41a8b89489caeb927) Importer(815301076,1909f56bfc062723c751e8b465ee728b)  -> (artifact id: 'e72763edb84012699802564fd1fa09b4') in 0.007324 seconds
  Import took 0.012211 seconds .

========================================================================
Received Import Request.
  Time since last request: 0.005147 seconds.
  path: Assets/Data/Baby1 1.asset
  artifactKey: Guid(24c889f44e78caf44ad963b0b4da27aa) Importer(815301076,1909f56bfc062723c751e8b465ee728b)
Start importing Assets/Data/Baby1 1.asset using Guid(24c889f44e78caf44ad963b0b4da27aa) Importer(815301076,1909f56bfc062723c751e8b465ee728b)  -> (artifact id: '906c4191c609e340ab89dc8eeeeebfa7') in 0.005541 seconds
  Import took 0.034771 seconds .

========================================================================
Received Import Request.
  Time since last request: 0.450650 seconds.
  path: Assets/Data/Baby1 3.asset
  artifactKey: Guid(d1f5f619f47e41942a8e18fb9adfdff8) Importer(815301076,1909f56bfc062723c751e8b465ee728b)
Start importing Assets/Data/Baby1 3.asset using Guid(d1f5f619f47e41942a8e18fb9adfdff8) Importer(815301076,1909f56bfc062723c751e8b465ee728b)  -> (artifact id: 'fbed6880da833ad1c15ccb41c114d83a') in 0.004843 seconds
  Import took 0.026689 seconds .

========================================================================
Received Import Request.
  Time since last request: 0.000291 seconds.
  path: Assets/Data/Baby1 2.asset
  artifactKey: Guid(b5ae3fb4c413abb41a8b89489caeb927) Importer(815301076,1909f56bfc062723c751e8b465ee728b)
Start importing Assets/Data/Baby1 2.asset using Guid(b5ae3fb4c413abb41a8b89489caeb927) Importer(815301076,1909f56bfc062723c751e8b465ee728b)  -> (artifact id: '4606430006c902822bdfdddcc533c784') in 0.005450 seconds
  Import took 0.051584 seconds .

========================================================================
Received Import Request.
  Time since last request: 0.440951 seconds.
  path: Assets/Data/Baby1 3.asset
  artifactKey: Guid(d1f5f619f47e41942a8e18fb9adfdff8) Importer(815301076,1909f56bfc062723c751e8b465ee728b)
Start importing Assets/Data/Baby1 3.asset using Guid(d1f5f619f47e41942a8e18fb9adfdff8) Importer(815301076,1909f56bfc062723c751e8b465ee728b)  -> (artifact id: '4d581c2fe7e0b1a309a60e665cda7aec') in 0.004247 seconds
  Import took 0.009629 seconds .

========================================================================
Received Import Request.
  Time since last request: 0.000294 seconds.
  path: Assets/Data/Baby1 4.asset
  artifactKey: Guid(e6904c2e3dc17dd4f8a4808d7532d240) Importer(815301076,1909f56bfc062723c751e8b465ee728b)
Start importing Assets/Data/Baby1 4.asset using Guid(e6904c2e3dc17dd4f8a4808d7532d240) Importer(815301076,1909f56bfc062723c751e8b465ee728b)  -> (artifact id: '5bae64d199736078509b6f954c255b01') in 0.006274 seconds
  Import took 0.023349 seconds .

========================================================================
Received Import Request.
  Time since last request: 0.004717 seconds.
  path: Assets/Data/Baby1 4.asset
  artifactKey: Guid(e6904c2e3dc17dd4f8a4808d7532d240) Importer(815301076,1909f56bfc062723c751e8b465ee728b)
Start importing Assets/Data/Baby1 4.asset using Guid(e6904c2e3dc17dd4f8a4808d7532d240) Importer(815301076,1909f56bfc062723c751e8b465ee728b)  -> (artifact id: '5bae64d199736078509b6f954c255b01') in 0.003876 seconds
  Import took 0.008007 seconds .

========================================================================
Received Import Request.
  Time since last request: 14.070196 seconds.
  path: Assets/Data/Baby1 1.asset
  artifactKey: Guid(38393096758000d49887a90576214154) Importer(815301076,1909f56bfc062723c751e8b465ee728b)
Start importing Assets/Data/Baby1 1.asset using Guid(38393096758000d49887a90576214154) Importer(815301076,1909f56bfc062723c751e8b465ee728b)  -> (artifact id: 'a9801d835e3d03be1f1f83bdd10011bf') in 0.006322 seconds
  Import took 0.023915 seconds .

========================================================================
Received Import Request.
  Time since last request: 7.331489 seconds.
  path: Assets/Data/Baby 2.asset
  artifactKey: Guid(38393096758000d49887a90576214154) Importer(815301076,1909f56bfc062723c751e8b465ee728b)
Start importing Assets/Data/Baby 2.asset using Guid(38393096758000d49887a90576214154) Importer(815301076,1909f56bfc062723c751e8b465ee728b)  -> (artifact id: 'eaf614738a9c6a470eb3838d3484cf70') in 0.006501 seconds
  Import took 0.043295 seconds .

========================================================================
Received Import Request.
  Time since last request: 1.548459 seconds.
  path: Assets/Data/Baby 3.asset
  artifactKey: Guid(f377f847426e4a844baebc13a386b7b7) Importer(815301076,1909f56bfc062723c751e8b465ee728b)
Start importing Assets/Data/Baby 3.asset using Guid(f377f847426e4a844baebc13a386b7b7) Importer(815301076,1909f56bfc062723c751e8b465ee728b)  -> (artifact id: '6e39caaa5a81865c8c0fdc926fd56173') in 0.005906 seconds
  Import took 0.030576 seconds .

========================================================================
Received Import Request.
  Time since last request: 0.000324 seconds.
  path: Assets/Data/Baby 2.asset
  artifactKey: Guid(38393096758000d49887a90576214154) Importer(815301076,1909f56bfc062723c751e8b465ee728b)
Start importing Assets/Data/Baby 2.asset using Guid(38393096758000d49887a90576214154) Importer(815301076,1909f56bfc062723c751e8b465ee728b)  -> (artifact id: '67c11042503d1c92ff6042de382214b5') in 0.005417 seconds
  Import took 0.009758 seconds .

========================================================================
Received Import Request.
  Time since last request: 0.000346 seconds.
  path: Assets/Data/Baby 3.asset
  artifactKey: Guid(f377f847426e4a844baebc13a386b7b7) Importer(815301076,1909f56bfc062723c751e8b465ee728b)
Start importing Assets/Data/Baby 3.asset using Guid(f377f847426e4a844baebc13a386b7b7) Importer(815301076,1909f56bfc062723c751e8b465ee728b)  -> (artifact id: '6e39caaa5a81865c8c0fdc926fd56173') in 0.004189 seconds
  Import took 0.009042 seconds .

========================================================================
Received Import Request.
  Time since last request: 1.862209 seconds.
  path: Assets/Data/Baby 4.asset
  artifactKey: Guid(68b9aafaf4383ab4fbf4f0e52b075b69) Importer(815301076,1909f56bfc062723c751e8b465ee728b)
Start importing Assets/Data/Baby 4.asset using Guid(68b9aafaf4383ab4fbf4f0e52b075b69) Importer(815301076,1909f56bfc062723c751e8b465ee728b)  -> (artifact id: '951b498e2cf794fa824a37520729bb47') in 0.005243 seconds
  Import took 0.009588 seconds .

========================================================================
Received Import Request.
  Time since last request: 0.006281 seconds.
  path: Assets/Data/Baby 3.asset
  artifactKey: Guid(f377f847426e4a844baebc13a386b7b7) Importer(815301076,1909f56bfc062723c751e8b465ee728b)
Start importing Assets/Data/Baby 3.asset using Guid(f377f847426e4a844baebc13a386b7b7) Importer(815301076,1909f56bfc062723c751e8b465ee728b)  -> (artifact id: '06765740ee05cf80e37366d55e6101af') in 0.003831 seconds
  Import took 0.018912 seconds .

========================================================================
Received Import Request.
  Time since last request: 0.988292 seconds.
  path: Assets/Data/Baby 5.asset
  artifactKey: Guid(f568dde73e9e74c43bef1fbd28b7d33b) Importer(815301076,1909f56bfc062723c751e8b465ee728b)
Start importing Assets/Data/Baby 5.asset using Guid(f568dde73e9e74c43bef1fbd28b7d33b) Importer(815301076,1909f56bfc062723c751e8b465ee728b)  -> (artifact id: '4c70ae2bc8290800e8029886633ea5ef') in 0.056667 seconds
  Import took 0.063786 seconds .

========================================================================
Received Import Request.
  Time since last request: 0.000367 seconds.
  path: Assets/Data/Baby 4.asset
  artifactKey: Guid(68b9aafaf4383ab4fbf4f0e52b075b69) Importer(815301076,1909f56bfc062723c751e8b465ee728b)
Start importing Assets/Data/Baby 4.asset using Guid(68b9aafaf4383ab4fbf4f0e52b075b69) Importer(815301076,1909f56bfc062723c751e8b465ee728b)  -> (artifact id: '99765a214fb00c8bf3348775edd8a18d') in 0.010621 seconds
  Import took 0.020634 seconds .

========================================================================
Received Import Request.
  Time since last request: 2.577776 seconds.
  path: Assets/Data/Baby 5.asset
  artifactKey: Guid(f568dde73e9e74c43bef1fbd28b7d33b) Importer(815301076,1909f56bfc062723c751e8b465ee728b)
Start importing Assets/Data/Baby 5.asset using Guid(f568dde73e9e74c43bef1fbd28b7d33b) Importer(815301076,1909f56bfc062723c751e8b465ee728b)  -> (artifact id: 'c455e41c00fd027bdb010a84a9b23393') in 0.007265 seconds
  Import took 0.020454 seconds .

========================================================================
Received Import Request.
  Time since last request: 0.000194 seconds.
  path: Assets/Data/Baby 6.asset
  artifactKey: Guid(c1b49bb3a25a7b54198264c7f16b97c2) Importer(815301076,1909f56bfc062723c751e8b465ee728b)
Start importing Assets/Data/Baby 6.asset using Guid(c1b49bb3a25a7b54198264c7f16b97c2) Importer(815301076,1909f56bfc062723c751e8b465ee728b)  -> (artifact id: '2176854d370257eb82f29ef90741f555') in 0.007002 seconds
  Import took 0.029588 seconds .

========================================================================
Received Import Request.
  Time since last request: 2.670753 seconds.
  path: Assets/Images/Ajustes.png
  artifactKey: Guid(d9c774eaeeece2744a40c917d7fdc080) Importer(815301076,1909f56bfc062723c751e8b465ee728b)
Start importing Assets/Images/Ajustes.png using Guid(d9c774eaeeece2744a40c917d7fdc080) Importer(815301076,1909f56bfc062723c751e8b465ee728b)  -> (artifact id: '00c7dce201f51c74940fa42f2b70f2ff') in 0.173535 seconds
  Import took 0.177161 seconds .

========================================================================
Received Import Request.
  Time since last request: 0.000297 seconds.
  path: Assets/Images/botonCreditos.png
  artifactKey: Guid(e6c9803578aad8445a9cadeb94bfddd1) Importer(815301076,1909f56bfc062723c751e8b465ee728b)
Start importing Assets/Images/botonCreditos.png using Guid(e6c9803578aad8445a9cadeb94bfddd1) Importer(815301076,1909f56bfc062723c751e8b465ee728b)  -> (artifact id: '62782ade5a53b310d0c1e9d7ba60970f') in 0.038358 seconds
  Import took 0.073489 seconds .

========================================================================
Received Import Request.
  Time since last request: 0.000286 seconds.
  path: Assets/Images/Ajustes.png
  artifactKey: Guid(d9c774eaeeece2744a40c917d7fdc080) Importer(815301076,1909f56bfc062723c751e8b465ee728b)
Start importing Assets/Images/Ajustes.png using Guid(d9c774eaeeece2744a40c917d7fdc080) Importer(815301076,1909f56bfc062723c751e8b465ee728b)  -> (artifact id: '00c7dce201f51c74940fa42f2b70f2ff') in 0.028565 seconds
  Import took 0.033845 seconds .

========================================================================
Received Import Request.
  Time since last request: 0.000366 seconds.
  path: Assets/Images/botonCreditos.png
  artifactKey: Guid(e6c9803578aad8445a9cadeb94bfddd1) Importer(815301076,1909f56bfc062723c751e8b465ee728b)
Start importing Assets/Images/botonCreditos.png using Guid(e6c9803578aad8445a9cadeb94bfddd1) Importer(815301076,1909f56bfc062723c751e8b465ee728b)  -> (artifact id: '62782ade5a53b310d0c1e9d7ba60970f') in 0.011395 seconds
  Import took 0.015695 seconds .

========================================================================
Received Import Request.
  Time since last request: 0.000273 seconds.
  path: Assets/Images/botonJugar.png
  artifactKey: Guid(206a95afe2e565a40b3e6d80b2536e75) Importer(815301076,1909f56bfc062723c751e8b465ee728b)
Start importing Assets/Images/botonJugar.png using Guid(206a95afe2e565a40b3e6d80b2536e75) Importer(815301076,1909f56bfc062723c751e8b465ee728b)  -> (artifact id: '843359d1a47b28b6621a2c310f581144') in 0.013009 seconds
  Import took 0.038010 seconds .

========================================================================
Received Import Request.
  Time since last request: 41.534203 seconds.
  path: Assets/Data/Baby 3.asset
  artifactKey: Guid(f377f847426e4a844baebc13a386b7b7) Importer(815301076,1909f56bfc062723c751e8b465ee728b)
Start importing Assets/Data/Baby 3.asset using Guid(f377f847426e4a844baebc13a386b7b7) Importer(815301076,1909f56bfc062723c751e8b465ee728b)  -> (artifact id: 'f037f9627446d865dbdbb2b2ba011ab4') in 0.005262 seconds
  Import took 0.009514 seconds .

========================================================================
Received Import Request.
  Time since last request: 0.000339 seconds.
  path: Assets/Data/Baby 6.asset
  artifactKey: Guid(c1b49bb3a25a7b54198264c7f16b97c2) Importer(815301076,1909f56bfc062723c751e8b465ee728b)
Start importing Assets/Data/Baby 6.asset using Guid(c1b49bb3a25a7b54198264c7f16b97c2) Importer(815301076,1909f56bfc062723c751e8b465ee728b)  -> (artifact id: 'ea0b3c29337666f8af0ba0456f82e2bc') in 0.005330 seconds
  Import took 0.010310 seconds .

========================================================================
Received Import Request.
  Time since last request: 0.000397 seconds.
  path: Assets/Data/Baby 4.asset
  artifactKey: Guid(68b9aafaf4383ab4fbf4f0e52b075b69) Importer(815301076,1909f56bfc062723c751e8b465ee728b)
Start importing Assets/Data/Baby 4.asset using Guid(68b9aafaf4383ab4fbf4f0e52b075b69) Importer(815301076,1909f56bfc062723c751e8b465ee728b)  -> (artifact id: '0ad8305783fca56341f9a0d7b4b4f35b') in 0.006452 seconds
  Import took 0.013939 seconds .

========================================================================
Received Import Request.
  Time since last request: 0.000287 seconds.
  path: Assets/Data/Baby1.asset
  artifactKey: Guid(ad04c7185a49a6d4b95d0f5990040399) Importer(815301076,1909f56bfc062723c751e8b465ee728b)
Start importing Assets/Data/Baby1.asset using Guid(ad04c7185a49a6d4b95d0f5990040399) Importer(815301076,1909f56bfc062723c751e8b465ee728b)  -> (artifact id: 'c9e36ef8ea422272de7b4f89f9526c81') in 0.005829 seconds
  Import took 0.009880 seconds .

========================================================================
Received Import Request.
  Time since last request: 0.000280 seconds.
  path: Assets/Data/Baby 5.asset
  artifactKey: Guid(f568dde73e9e74c43bef1fbd28b7d33b) Importer(815301076,1909f56bfc062723c751e8b465ee728b)
Start importing Assets/Data/Baby 5.asset using Guid(f568dde73e9e74c43bef1fbd28b7d33b) Importer(815301076,1909f56bfc062723c751e8b465ee728b)  -> (artifact id: '010b16b7142d16a30d1a9d9bd92e79c8') in 0.004228 seconds
  Import took 0.008692 seconds .

========================================================================
Received Prepare
Registering precompiled user dll's ...
Registered in 0.001339 seconds.
Begin MonoManager ReloadAssembly
Native extension for WindowsStandalone target not found
Refreshing native plugins compatible for Editor in 0.39 ms, found 1 plugins.
Preloading 0 native plugins for Editor in 0.00 ms.
Invoked RoslynAnalysisRunner static constructor.
RoslynAnalysisRunner will not be running.
RoslynAnalysisRunner has terminated.
Mono: successfully reloaded assembly
- Completed reload, in  1.932 seconds
Platform modules already initialized, skipping
Refreshing native plugins compatible for Editor in 0.37 ms, found 1 plugins.
Preloading 0 native plugins for Editor in 0.00 ms.
Unloading 1846 Unused Serialized files (Serialized files now loaded: 0)
System memory in use before: 89.8 MB.
System memory in use after: 89.9 MB.

Unloading 8 unused Assets to reduce memory usage. Loaded Objects now: 2327.
Total: 3.152100 ms (FindLiveObjects: 0.313900 ms CreateObjectMapping: 0.224900 ms MarkObjects: 2.581300 ms  DeleteObjects: 0.030400 ms)

========================================================================
Received Prepare
Registering precompiled user dll's ...
Registered in 0.001784 seconds.
Begin MonoManager ReloadAssembly
Native extension for WindowsStandalone target not found
Refreshing native plugins compatible for Editor in 0.43 ms, found 1 plugins.
Preloading 0 native plugins for Editor in 0.00 ms.
Invoked RoslynAnalysisRunner static constructor.
RoslynAnalysisRunner will not be running.
RoslynAnalysisRunner has terminated.
Mono: successfully reloaded assembly
- Completed reload, in  1.529 seconds
Platform modules already initialized, skipping
Refreshing native plugins compatible for Editor in 0.71 ms, found 1 plugins.
Preloading 0 native plugins for Editor in 0.00 ms.
Unloading 1846 Unused Serialized files (Serialized files now loaded: 0)
System memory in use before: 89.8 MB.
System memory in use after: 89.9 MB.

Unloading 7 unused Assets to reduce memory usage. Loaded Objects now: 2331.
Total: 2.869500 ms (FindLiveObjects: 0.296000 ms CreateObjectMapping: 0.136200 ms MarkObjects: 2.337400 ms  DeleteObjects: 0.097400 ms)

========================================================================
Received Prepare
Registering precompiled user dll's ...
Registered in 0.001296 seconds.
Begin MonoManager ReloadAssembly
Native extension for WindowsStandalone target not found
Refreshing native plugins compatible for Editor in 1.42 ms, found 1 plugins.
Preloading 0 native plugins for Editor in 0.00 ms.
Invoked RoslynAnalysisRunner static constructor.
RoslynAnalysisRunner will not be running.
RoslynAnalysisRunner has terminated.
Mono: successfully reloaded assembly
- Completed reload, in  1.614 seconds
Platform modules already initialized, skipping
Refreshing native plugins compatible for Editor in 0.36 ms, found 1 plugins.
Preloading 0 native plugins for Editor in 0.00 ms.
Unloading 1846 Unused Serialized files (Serialized files now loaded: 0)
System memory in use before: 89.8 MB.
System memory in use after: 89.9 MB.

Unloading 7 unused Assets to reduce memory usage. Loaded Objects now: 2335.
Total: 2.062300 ms (FindLiveObjects: 0.267300 ms CreateObjectMapping: 0.085200 ms MarkObjects: 1.690200 ms  DeleteObjects: 0.018300 ms)

========================================================================
Received Import Request.
  Time since last request: 670.980845 seconds.
  path: Assets/Scenes/escenas/Juego.unity
  artifactKey: Guid(9415e0a7329c07445a74a91f71aa33b3) Importer(815301076,1909f56bfc062723c751e8b465ee728b)
Start importing Assets/Scenes/escenas/Juego.unity using Guid(9415e0a7329c07445a74a91f71aa33b3) Importer(815301076,1909f56bfc062723c751e8b465ee728b)  -> (artifact id: 'e86526cca684c97cc12830a9b1e27c89') in 0.014563 seconds
  Import took 0.071853 seconds .

========================================================================
Received Import Request.
  Time since last request: 1.584438 seconds.
  path: Assets/Scenes/escenas/Juego 1.unity
  artifactKey: Guid(e53332acb59b3e44f8fef9378374734d) Importer(815301076,1909f56bfc062723c751e8b465ee728b)
Start importing Assets/Scenes/escenas/Juego 1.unity using Guid(e53332acb59b3e44f8fef9378374734d) Importer(815301076,1909f56bfc062723c751e8b465ee728b)  -> (artifact id: '5ac8eb74ec70473a569e958d79bef691') in 0.005597 seconds
  Import took 0.010774 seconds .

========================================================================
Received Import Request.
  Time since last request: 12.844020 seconds.
  path: Assets/Scenes/escenas/JuegoTest.unity
  artifactKey: Guid(e53332acb59b3e44f8fef9378374734d) Importer(815301076,1909f56bfc062723c751e8b465ee728b)
Start importing Assets/Scenes/escenas/JuegoTest.unity using Guid(e53332acb59b3e44f8fef9378374734d) Importer(815301076,1909f56bfc062723c751e8b465ee728b)  -> (artifact id: '5d20f513a8e8d8e7d91c61112a7d6b5f') in 0.004471 seconds
  Import took 0.028435 seconds .

========================================================================
Received Prepare
Registering precompiled user dll's ...
Registered in 0.001277 seconds.
Begin MonoManager ReloadAssembly
Native extension for WindowsStandalone target not found
Refreshing native plugins compatible for Editor in 0.37 ms, found 1 plugins.
Preloading 0 native plugins for Editor in 0.00 ms.
Invoked RoslynAnalysisRunner static constructor.
RoslynAnalysisRunner will not be running.
RoslynAnalysisRunner has terminated.
Mono: successfully reloaded assembly
- Completed reload, in  0.971 seconds
Platform modules already initialized, skipping
Refreshing native plugins compatible for Editor in 0.37 ms, found 1 plugins.
Preloading 0 native plugins for Editor in 0.00 ms.
Unloading 1846 Unused Serialized files (Serialized files now loaded: 0)
System memory in use before: 89.9 MB.
System memory in use after: 90.0 MB.

Unloading 7 unused Assets to reduce memory usage. Loaded Objects now: 2339.
Total: 2.266300 ms (FindLiveObjects: 0.239100 ms CreateObjectMapping: 0.073800 ms MarkObjects: 1.932600 ms  DeleteObjects: 0.019600 ms)

========================================================================
Received Import Request.
  Time since last request: 752.250765 seconds.
  path: Assets/Codigo/Data/TypeCollection.cs
  artifactKey: Guid(59102eb41a284c548a230ebdea1c27ac) Importer(815301076,1909f56bfc062723c751e8b465ee728b)
Start importing Assets/Codigo/Data/TypeCollection.cs using Guid(59102eb41a284c548a230ebdea1c27ac) Importer(815301076,1909f56bfc062723c751e8b465ee728b)  -> (artifact id: '683f9c720e2aef76ca355bc9b78b534b') in 0.041966 seconds
  Import took 0.106079 seconds .

========================================================================
Received Prepare
Registering precompiled user dll's ...
Registered in 0.001330 seconds.
Begin MonoManager ReloadAssembly
Native extension for WindowsStandalone target not found
Refreshing native plugins compatible for Editor in 0.36 ms, found 1 plugins.
Preloading 0 native plugins for Editor in 0.00 ms.
Invoked RoslynAnalysisRunner static constructor.
RoslynAnalysisRunner will not be running.
RoslynAnalysisRunner has terminated.
Mono: successfully reloaded assembly
- Completed reload, in  1.156 seconds
Platform modules already initialized, skipping
Refreshing native plugins compatible for Editor in 0.63 ms, found 1 plugins.
Preloading 0 native plugins for Editor in 0.00 ms.
Unloading 1847 Unused Serialized files (Serialized files now loaded: 0)
System memory in use before: 89.9 MB.
System memory in use after: 90.0 MB.

Unloading 7 unused Assets to reduce memory usage. Loaded Objects now: 2344.
Total: 139.766500 ms (FindLiveObjects: 0.311600 ms CreateObjectMapping: 0.132500 ms MarkObjects: 139.293700 ms  DeleteObjects: 0.026800 ms)

========================================================================
Received Import Request.
  Time since last request: 54.407603 seconds.
  path: Assets/Codigo/Data/DataSlotsMainInScene.cs
  artifactKey: Guid(f5f3507ab1f181541969b61a2a8407ad) Importer(815301076,1909f56bfc062723c751e8b465ee728b)
Start importing Assets/Codigo/Data/DataSlotsMainInScene.cs using Guid(f5f3507ab1f181541969b61a2a8407ad) Importer(815301076,1909f56bfc062723c751e8b465ee728b)  -> (artifact id: '043a0f81731b45f650835534aee487fc') in 0.013673 seconds
  Import took 0.048877 seconds .

========================================================================
Received Prepare
Registering precompiled user dll's ...
Registered in 0.001349 seconds.
Begin MonoManager ReloadAssembly
Native extension for WindowsStandalone target not found
Refreshing native plugins compatible for Editor in 0.37 ms, found 1 plugins.
Preloading 0 native plugins for Editor in 0.00 ms.
Invoked RoslynAnalysisRunner static constructor.
RoslynAnalysisRunner will not be running.
RoslynAnalysisRunner has terminated.
Mono: successfully reloaded assembly
- Completed reload, in  1.062 seconds
Platform modules already initialized, skipping
Refreshing native plugins compatible for Editor in 0.35 ms, found 1 plugins.
Preloading 0 native plugins for Editor in 0.00 ms.
Unloading 1847 Unused Serialized files (Serialized files now loaded: 0)
System memory in use before: 89.9 MB.
System memory in use after: 90.0 MB.

Unloading 7 unused Assets to reduce memory usage. Loaded Objects now: 2348.
Total: 2.128000 ms (FindLiveObjects: 0.219500 ms CreateObjectMapping: 0.087600 ms MarkObjects: 1.799700 ms  DeleteObjects: 0.020000 ms)

========================================================================
Received Prepare
Registering precompiled user dll's ...
Registered in 0.002240 seconds.
Begin MonoManager ReloadAssembly
Native extension for WindowsStandalone target not found
Refreshing native plugins compatible for Editor in 0.37 ms, found 1 plugins.
Preloading 0 native plugins for Editor in 0.00 ms.
Invoked RoslynAnalysisRunner static constructor.
RoslynAnalysisRunner will not be running.
RoslynAnalysisRunner has terminated.
Mono: successfully reloaded assembly
- Completed reload, in  0.988 seconds
Platform modules already initialized, skipping
Refreshing native plugins compatible for Editor in 0.35 ms, found 1 plugins.
Preloading 0 native plugins for Editor in 0.00 ms.
Unloading 1847 Unused Serialized files (Serialized files now loaded: 0)
System memory in use before: 89.9 MB.
System memory in use after: 90.0 MB.

Unloading 7 unused Assets to reduce memory usage. Loaded Objects now: 2352.
Total: 1.950200 ms (FindLiveObjects: 0.197600 ms CreateObjectMapping: 0.074200 ms MarkObjects: 1.659200 ms  DeleteObjects: 0.018100 ms)

========================================================================
Received Import Request.
  Time since last request: 662.097437 seconds.
  path: Assets/Data/Baby 2.asset
  artifactKey: Guid(38393096758000d49887a90576214154) Importer(815301076,1909f56bfc062723c751e8b465ee728b)
Start importing Assets/Data/Baby 2.asset using Guid(38393096758000d49887a90576214154) Importer(815301076,1909f56bfc062723c751e8b465ee728b)  -> (artifact id: '8e03f0413dad561e4ac01036422c7b15') in 0.016012 seconds
  Import took 0.035153 seconds .

========================================================================
Received Import Request.
  Time since last request: 0.000345 seconds.
  path: Assets/Data/Baby 6.asset
  artifactKey: Guid(c1b49bb3a25a7b54198264c7f16b97c2) Importer(815301076,1909f56bfc062723c751e8b465ee728b)
Start importing Assets/Data/Baby 6.asset using Guid(c1b49bb3a25a7b54198264c7f16b97c2) Importer(815301076,1909f56bfc062723c751e8b465ee728b)  -> (artifact id: '0b8b569a7333636c2de81c6b730bb2ca') in 0.004554 seconds
  Import took 0.008355 seconds .

========================================================================
Received Import Request.
  Time since last request: 0.000283 seconds.
  path: Assets/Data/Baby 4.asset
  artifactKey: Guid(68b9aafaf4383ab4fbf4f0e52b075b69) Importer(815301076,1909f56bfc062723c751e8b465ee728b)
Start importing Assets/Data/Baby 4.asset using Guid(68b9aafaf4383ab4fbf4f0e52b075b69) Importer(815301076,1909f56bfc062723c751e8b465ee728b)  -> (artifact id: 'e7b6b081b4533456da5906c4e78a6b02') in 0.006084 seconds
  Import took 0.010293 seconds .

========================================================================
Received Import Request.
  Time since last request: 0.000288 seconds.
  path: Assets/Data/Baby 3.asset
  artifactKey: Guid(f377f847426e4a844baebc13a386b7b7) Importer(815301076,1909f56bfc062723c751e8b465ee728b)
Start importing Assets/Data/Baby 3.asset using Guid(f377f847426e4a844baebc13a386b7b7) Importer(815301076,1909f56bfc062723c751e8b465ee728b)  -> (artifact id: 'c8bcb7f0f40de1628aa9b0f5eac913d6') in 0.004718 seconds
  Import took 0.023263 seconds .

========================================================================
Received Import Request.
  Time since last request: 0.000532 seconds.
  path: Assets/Data/Baby 5.asset
  artifactKey: Guid(f568dde73e9e74c43bef1fbd28b7d33b) Importer(815301076,1909f56bfc062723c751e8b465ee728b)
Start importing Assets/Data/Baby 5.asset using Guid(f568dde73e9e74c43bef1fbd28b7d33b) Importer(815301076,1909f56bfc062723c751e8b465ee728b)  -> (artifact id: '72447a00e6696601db9dece58a01e722') in 0.006848 seconds
  Import took 0.018915 seconds .

========================================================================
Received Import Request.
  Time since last request: 0.005227 seconds.
  path: Assets/Data/Baby 5.asset
  artifactKey: Guid(f568dde73e9e74c43bef1fbd28b7d33b) Importer(815301076,1909f56bfc062723c751e8b465ee728b)
Start importing Assets/Data/Baby 5.asset using Guid(f568dde73e9e74c43bef1fbd28b7d33b) Importer(815301076,1909f56bfc062723c751e8b465ee728b)  -> (artifact id: '72447a00e6696601db9dece58a01e722') in 0.003798 seconds
  Import took 0.008138 seconds .

========================================================================
Received Import Request.
  Time since last request: 4.558388 seconds.
  path: Assets/Data/Collection
  artifactKey: Guid(0e558cdfd8d18ed43a75e86e1e5c49e9) Importer(815301076,1909f56bfc062723c751e8b465ee728b)
Start importing Assets/Data/Collection using Guid(0e558cdfd8d18ed43a75e86e1e5c49e9) Importer(815301076,1909f56bfc062723c751e8b465ee728b)  -> (artifact id: '212f1c00486728c68134d6234791fb97') in 0.006939 seconds
  Import took 0.010896 seconds .

========================================================================
Received Prepare
Registering precompiled user dll's ...
Registered in 0.002018 seconds.
Begin MonoManager ReloadAssembly
Native extension for WindowsStandalone target not found
Refreshing native plugins compatible for Editor in 0.37 ms, found 1 plugins.
Preloading 0 native plugins for Editor in 0.00 ms.
Invoked RoslynAnalysisRunner static constructor.
RoslynAnalysisRunner will not be running.
RoslynAnalysisRunner has terminated.
Mono: successfully reloaded assembly
- Completed reload, in  0.949 seconds
Platform modules already initialized, skipping
Refreshing native plugins compatible for Editor in 0.36 ms, found 1 plugins.
Preloading 0 native plugins for Editor in 0.00 ms.
Unloading 1847 Unused Serialized files (Serialized files now loaded: 0)
System memory in use before: 89.9 MB.
System memory in use after: 90.0 MB.

Unloading 7 unused Assets to reduce memory usage. Loaded Objects now: 2356.
Total: 2.060300 ms (FindLiveObjects: 0.203400 ms CreateObjectMapping: 0.080800 ms MarkObjects: 1.756000 ms  DeleteObjects: 0.018400 ms)

========================================================================
Received Import Request.
  Time since last request: 30.355225 seconds.
  path: Assets/Data/Collection/DataSlot 1.asset
  artifactKey: Guid(34080ec2a35243347a74e495bef69dd3) Importer(815301076,1909f56bfc062723c751e8b465ee728b)
Start importing Assets/Data/Collection/DataSlot 1.asset using Guid(34080ec2a35243347a74e495bef69dd3) Importer(815301076,1909f56bfc062723c751e8b465ee728b)  -> (artifact id: '1fbc985c3de35e69a98e682518864f8b') in 0.027077 seconds
  Import took 0.032243 seconds .

========================================================================
Received Import Request.
  Time since last request: 0.003724 seconds.
  path: Assets/Data/Collection/DataSlot 1.asset
  artifactKey: Guid(34080ec2a35243347a74e495bef69dd3) Importer(815301076,1909f56bfc062723c751e8b465ee728b)
Start importing Assets/Data/Collection/DataSlot 1.asset using Guid(34080ec2a35243347a74e495bef69dd3) Importer(815301076,1909f56bfc062723c751e8b465ee728b)  -> (artifact id: '1fbc985c3de35e69a98e682518864f8b') in 0.004300 seconds
  Import took 0.009273 seconds .

========================================================================
Received Prepare
Registering precompiled user dll's ...
Registered in 0.001302 seconds.
Begin MonoManager ReloadAssembly
Native extension for WindowsStandalone target not found
Refreshing native plugins compatible for Editor in 0.37 ms, found 1 plugins.
Preloading 0 native plugins for Editor in 0.00 ms.
Invoked RoslynAnalysisRunner static constructor.
RoslynAnalysisRunner will not be running.
RoslynAnalysisRunner has terminated.
Mono: successfully reloaded assembly
- Completed reload, in  0.935 seconds
Platform modules already initialized, skipping
Refreshing native plugins compatible for Editor in 0.35 ms, found 1 plugins.
Preloading 0 native plugins for Editor in 0.00 ms.
Unloading 1847 Unused Serialized files (Serialized files now loaded: 0)
System memory in use before: 89.9 MB.
System memory in use after: 90.1 MB.

Unloading 7 unused Assets to reduce memory usage. Loaded Objects now: 2360.
Total: 2.000400 ms (FindLiveObjects: 0.198100 ms CreateObjectMapping: 0.065900 ms MarkObjects: 1.717300 ms  DeleteObjects: 0.017300 ms)

========================================================================
Received Import Request.
  Time since last request: 66.332489 seconds.
  path: Assets/Data/Collection/DataCollection 1.asset
  artifactKey: Guid(34080ec2a35243347a74e495bef69dd3) Importer(815301076,1909f56bfc062723c751e8b465ee728b)
Start importing Assets/Data/Collection/DataCollection 1.asset using Guid(34080ec2a35243347a74e495bef69dd3) Importer(815301076,1909f56bfc062723c751e8b465ee728b)  -> (artifact id: '9c5642c03488aca4a018bbce94a3cf98') in 0.022006 seconds
  Import took 0.029417 seconds .

========================================================================
Received Prepare
Registering precompiled user dll's ...
Registered in 0.001322 seconds.
Begin MonoManager ReloadAssembly
Native extension for WindowsStandalone target not found
Refreshing native plugins compatible for Editor in 0.37 ms, found 1 plugins.
Preloading 0 native plugins for Editor in 0.00 ms.
Invoked RoslynAnalysisRunner static constructor.
RoslynAnalysisRunner will not be running.
RoslynAnalysisRunner has terminated.
Mono: successfully reloaded assembly
- Completed reload, in  0.971 seconds
Platform modules already initialized, skipping
Refreshing native plugins compatible for Editor in 0.35 ms, found 1 plugins.
Preloading 0 native plugins for Editor in 0.00 ms.
Unloading 1847 Unused Serialized files (Serialized files now loaded: 0)
System memory in use before: 89.9 MB.
System memory in use after: 90.1 MB.

Unloading 7 unused Assets to reduce memory usage. Loaded Objects now: 2364.
Total: 2.382000 ms (FindLiveObjects: 0.292900 ms CreateObjectMapping: 0.114100 ms MarkObjects: 1.954200 ms  DeleteObjects: 0.019400 ms)

========================================================================
Received Prepare
Registering precompiled user dll's ...
Registered in 0.001848 seconds.
Begin MonoManager ReloadAssembly
Native extension for WindowsStandalone target not found
Refreshing native plugins compatible for Editor in 0.37 ms, found 1 plugins.
Preloading 0 native plugins for Editor in 0.00 ms.
Invoked RoslynAnalysisRunner static constructor.
RoslynAnalysisRunner will not be running.
RoslynAnalysisRunner has terminated.
Mono: successfully reloaded assembly
- Completed reload, in  0.957 seconds
Platform modules already initialized, skipping
Refreshing native plugins compatible for Editor in 0.38 ms, found 1 plugins.
Preloading 0 native plugins for Editor in 0.00 ms.
Unloading 1847 Unused Serialized files (Serialized files now loaded: 0)
System memory in use before: 90.0 MB.
System memory in use after: 90.1 MB.

Unloading 7 unused Assets to reduce memory usage. Loaded Objects now: 2368.
Total: 3.199200 ms (FindLiveObjects: 0.434800 ms CreateObjectMapping: 0.107700 ms MarkObjects: 2.634700 ms  DeleteObjects: 0.020300 ms)

========================================================================
Received Prepare
Registering precompiled user dll's ...
Registered in 0.001731 seconds.
Begin MonoManager ReloadAssembly
Native extension for WindowsStandalone target not found
Refreshing native plugins compatible for Editor in 0.42 ms, found 1 plugins.
Preloading 0 native plugins for Editor in 0.00 ms.
Invoked RoslynAnalysisRunner static constructor.
RoslynAnalysisRunner will not be running.
RoslynAnalysisRunner has terminated.
Mono: successfully reloaded assembly
- Completed reload, in  1.659 seconds
Platform modules already initialized, skipping
Refreshing native plugins compatible for Editor in 0.68 ms, found 1 plugins.
Preloading 0 native plugins for Editor in 0.00 ms.
Unloading 1847 Unused Serialized files (Serialized files now loaded: 0)
System memory in use before: 90.0 MB.
System memory in use after: 90.1 MB.

Unloading 7 unused Assets to reduce memory usage. Loaded Objects now: 2372.
Total: 7.190600 ms (FindLiveObjects: 0.371700 ms CreateObjectMapping: 0.176800 ms MarkObjects: 6.618100 ms  DeleteObjects: 0.021900 ms)

========================================================================
Received Prepare
Registering precompiled user dll's ...
Registered in 0.001652 seconds.
Begin MonoManager ReloadAssembly
Native extension for WindowsStandalone target not found
Refreshing native plugins compatible for Editor in 0.64 ms, found 1 plugins.
Preloading 0 native plugins for Editor in 0.00 ms.
Invoked RoslynAnalysisRunner static constructor.
RoslynAnalysisRunner will not be running.
RoslynAnalysisRunner has terminated.
Mono: successfully reloaded assembly
- Completed reload, in  2.013 seconds
Platform modules already initialized, skipping
Refreshing native plugins compatible for Editor in 0.56 ms, found 1 plugins.
Preloading 0 native plugins for Editor in 0.00 ms.
Unloading 1847 Unused Serialized files (Serialized files now loaded: 0)
System memory in use before: 90.0 MB.
System memory in use after: 90.1 MB.

Unloading 7 unused Assets to reduce memory usage. Loaded Objects now: 2376.
Total: 3.193500 ms (FindLiveObjects: 0.196100 ms CreateObjectMapping: 0.083300 ms MarkObjects: 2.888700 ms  DeleteObjects: 0.023300 ms)

========================================================================
Received Prepare
Registering precompiled user dll's ...
Registered in 0.002056 seconds.
Begin MonoManager ReloadAssembly
Native extension for WindowsStandalone target not found
Refreshing native plugins compatible for Editor in 0.85 ms, found 1 plugins.
Preloading 0 native plugins for Editor in 0.00 ms.
Invoked RoslynAnalysisRunner static constructor.
RoslynAnalysisRunner will not be running.
RoslynAnalysisRunner has terminated.
Mono: successfully reloaded assembly
- Completed reload, in  1.097 seconds
Platform modules already initialized, skipping
Refreshing native plugins compatible for Editor in 0.40 ms, found 1 plugins.
Preloading 0 native plugins for Editor in 0.00 ms.
Unloading 1847 Unused Serialized files (Serialized files now loaded: 0)
System memory in use before: 90.0 MB.
System memory in use after: 90.1 MB.

Unloading 7 unused Assets to reduce memory usage. Loaded Objects now: 2380.
Total: 2.734000 ms (FindLiveObjects: 0.290800 ms CreateObjectMapping: 0.111400 ms MarkObjects: 2.309200 ms  DeleteObjects: 0.020600 ms)

========================================================================
Received Prepare
Registering precompiled user dll's ...
Registered in 0.001931 seconds.
Begin MonoManager ReloadAssembly
Native extension for WindowsStandalone target not found
Refreshing native plugins compatible for Editor in 0.46 ms, found 1 plugins.
Preloading 0 native plugins for Editor in 0.00 ms.
Invoked RoslynAnalysisRunner static constructor.
RoslynAnalysisRunner will not be running.
RoslynAnalysisRunner has terminated.
Mono: successfully reloaded assembly
- Completed reload, in  1.127 seconds
Platform modules already initialized, skipping
Refreshing native plugins compatible for Editor in 0.35 ms, found 1 plugins.
Preloading 0 native plugins for Editor in 0.00 ms.
Unloading 1847 Unused Serialized files (Serialized files now loaded: 0)
System memory in use before: 90.0 MB.
System memory in use after: 90.1 MB.

Unloading 7 unused Assets to reduce memory usage. Loaded Objects now: 2384.
Total: 2.036500 ms (FindLiveObjects: 0.192700 ms CreateObjectMapping: 0.074800 ms MarkObjects: 1.749400 ms  DeleteObjects: 0.018200 ms)

========================================================================
Received Prepare
Registering precompiled user dll's ...
Registered in 0.001788 seconds.
Begin MonoManager ReloadAssembly
Native extension for WindowsStandalone target not found
Refreshing native plugins compatible for Editor in 0.37 ms, found 1 plugins.
Preloading 0 native plugins for Editor in 0.00 ms.
Invoked RoslynAnalysisRunner static constructor.
RoslynAnalysisRunner will not be running.
RoslynAnalysisRunner has terminated.
Mono: successfully reloaded assembly
- Completed reload, in  0.953 seconds
Platform modules already initialized, skipping
Refreshing native plugins compatible for Editor in 0.39 ms, found 1 plugins.
Preloading 0 native plugins for Editor in 0.00 ms.
Unloading 1847 Unused Serialized files (Serialized files now loaded: 0)
System memory in use before: 90.0 MB.
System memory in use after: 90.1 MB.

Unloading 7 unused Assets to reduce memory usage. Loaded Objects now: 2388.
Total: 2.013900 ms (FindLiveObjects: 0.190400 ms CreateObjectMapping: 0.072600 ms MarkObjects: 1.731400 ms  DeleteObjects: 0.018000 ms)

========================================================================
Received Prepare
Registering precompiled user dll's ...
Registered in 0.002044 seconds.
Begin MonoManager ReloadAssembly
Native extension for WindowsStandalone target not found
Refreshing native plugins compatible for Editor in 0.45 ms, found 1 plugins.
Preloading 0 native plugins for Editor in 0.00 ms.
Invoked RoslynAnalysisRunner static constructor.
RoslynAnalysisRunner will not be running.
RoslynAnalysisRunner has terminated.
Mono: successfully reloaded assembly
- Completed reload, in  1.602 seconds
Platform modules already initialized, skipping
Refreshing native plugins compatible for Editor in 0.40 ms, found 1 plugins.
Preloading 0 native plugins for Editor in 0.00 ms.
Unloading 1847 Unused Serialized files (Serialized files now loaded: 0)
System memory in use before: 90.0 MB.
System memory in use after: 90.1 MB.

Unloading 7 unused Assets to reduce memory usage. Loaded Objects now: 2392.
Total: 2.103500 ms (FindLiveObjects: 0.204900 ms CreateObjectMapping: 0.069700 ms MarkObjects: 1.809400 ms  DeleteObjects: 0.018300 ms)

========================================================================
Received Prepare
Registering precompiled user dll's ...
Registered in 0.001582 seconds.
Begin MonoManager ReloadAssembly
Native extension for WindowsStandalone target not found
Refreshing native plugins compatible for Editor in 0.44 ms, found 1 plugins.
Preloading 0 native plugins for Editor in 0.00 ms.
Invoked RoslynAnalysisRunner static constructor.
RoslynAnalysisRunner will not be running.
RoslynAnalysisRunner has terminated.
Mono: successfully reloaded assembly
- Completed reload, in  1.726 seconds
Platform modules already initialized, skipping
Refreshing native plugins compatible for Editor in 0.36 ms, found 1 plugins.
Preloading 0 native plugins for Editor in 0.00 ms.
Unloading 1847 Unused Serialized files (Serialized files now loaded: 0)
System memory in use before: 90.0 MB.
System memory in use after: 90.1 MB.

Unloading 7 unused Assets to reduce memory usage. Loaded Objects now: 2396.
Total: 2.323400 ms (FindLiveObjects: 0.321300 ms CreateObjectMapping: 0.206700 ms MarkObjects: 1.775500 ms  DeleteObjects: 0.018400 ms)

========================================================================
Received Import Request.
  Time since last request: 798.300930 seconds.
  path: Assets/Codigo/Control/ViewScore.cs
  artifactKey: Guid(8d96bfdb5c165fc42b0b7527204b3b17) Importer(815301076,1909f56bfc062723c751e8b465ee728b)
Start importing Assets/Codigo/Control/ViewScore.cs using Guid(8d96bfdb5c165fc42b0b7527204b3b17) Importer(815301076,1909f56bfc062723c751e8b465ee728b)  -> (artifact id: '9703e1b2c3b40ce32729ba07928b322d') in 0.037361 seconds
  Import took 0.133362 seconds .

========================================================================
Received Prepare
Registering precompiled user dll's ...
Registered in 0.002422 seconds.
Begin MonoManager ReloadAssembly
Native extension for WindowsStandalone target not found
Refreshing native plugins compatible for Editor in 0.36 ms, found 1 plugins.
Preloading 0 native plugins for Editor in 0.00 ms.
Invoked RoslynAnalysisRunner static constructor.
RoslynAnalysisRunner will not be running.
RoslynAnalysisRunner has terminated.
Mono: successfully reloaded assembly
- Completed reload, in  0.922 seconds
Platform modules already initialized, skipping
Refreshing native plugins compatible for Editor in 0.38 ms, found 1 plugins.
Preloading 0 native plugins for Editor in 0.00 ms.
Unloading 1848 Unused Serialized files (Serialized files now loaded: 0)
System memory in use before: 90.1 MB.
System memory in use after: 90.2 MB.

Unloading 7 unused Assets to reduce memory usage. Loaded Objects now: 2401.
Total: 2.059000 ms (FindLiveObjects: 0.254700 ms CreateObjectMapping: 0.068400 ms MarkObjects: 1.715500 ms  DeleteObjects: 0.018900 ms)

========================================================================
Received Prepare
Registering precompiled user dll's ...
Registered in 0.001314 seconds.
Begin MonoManager ReloadAssembly
Native extension for WindowsStandalone target not found
Refreshing native plugins compatible for Editor in 0.37 ms, found 1 plugins.
Preloading 0 native plugins for Editor in 0.00 ms.
Invoked RoslynAnalysisRunner static constructor.
RoslynAnalysisRunner will not be running.
RoslynAnalysisRunner has terminated.
Mono: successfully reloaded assembly
- Completed reload, in  1.015 seconds
Platform modules already initialized, skipping
Refreshing native plugins compatible for Editor in 0.50 ms, found 1 plugins.
Preloading 0 native plugins for Editor in 0.00 ms.
Unloading 1848 Unused Serialized files (Serialized files now loaded: 0)
System memory in use before: 90.1 MB.
System memory in use after: 90.2 MB.

Unloading 7 unused Assets to reduce memory usage. Loaded Objects now: 2405.
Total: 2.412900 ms (FindLiveObjects: 0.244500 ms CreateObjectMapping: 0.076700 ms MarkObjects: 2.069700 ms  DeleteObjects: 0.020400 ms)

========================================================================
Received Prepare
Registering precompiled user dll's ...
Registered in 0.001709 seconds.
Begin MonoManager ReloadAssembly
Native extension for WindowsStandalone target not found
Refreshing native plugins compatible for Editor in 0.64 ms, found 1 plugins.
Preloading 0 native plugins for Editor in 0.00 ms.
Invoked RoslynAnalysisRunner static constructor.
RoslynAnalysisRunner will not be running.
RoslynAnalysisRunner has terminated.
Mono: successfully reloaded assembly
- Completed reload, in  0.918 seconds
Platform modules already initialized, skipping
Refreshing native plugins compatible for Editor in 0.36 ms, found 1 plugins.
Preloading 0 native plugins for Editor in 0.00 ms.
Unloading 1848 Unused Serialized files (Serialized files now loaded: 0)
System memory in use before: 90.1 MB.
System memory in use after: 90.2 MB.

Unloading 7 unused Assets to reduce memory usage. Loaded Objects now: 2409.
Total: 2.046400 ms (FindLiveObjects: 0.189700 ms CreateObjectMapping: 0.068700 ms MarkObjects: 1.769100 ms  DeleteObjects: 0.017700 ms)

========================================================================
Received Import Request.
  Time since last request: 380.617234 seconds.
  path: Assets/Data/Collection/DataCollection 1.asset
  artifactKey: Guid(34080ec2a35243347a74e495bef69dd3) Importer(815301076,1909f56bfc062723c751e8b465ee728b)
Start importing Assets/Data/Collection/DataCollection 1.asset using Guid(34080ec2a35243347a74e495bef69dd3) Importer(815301076,1909f56bfc062723c751e8b465ee728b)  -> (artifact id: '9410fbd1bd44995463ed94422e982ff7') in 0.014590 seconds
  Import took 0.028269 seconds .

========================================================================
Received Import Request.
  Time since last request: 2.421526 seconds.
  path: Assets/Data/PrincSlotsInScene.asset
  artifactKey: Guid(6247e8fe5afa7ff4d9505fe3ebf84ee0) Importer(815301076,1909f56bfc062723c751e8b465ee728b)
Start importing Assets/Data/PrincSlotsInScene.asset using Guid(6247e8fe5afa7ff4d9505fe3ebf84ee0) Importer(815301076,1909f56bfc062723c751e8b465ee728b)  -> (artifact id: 'd120c1974eba92b7e2639b3271fd79ac') in 0.003657 seconds
  Import took 0.007351 seconds .

========================================================================
Received Prepare
Registering precompiled user dll's ...
Registered in 0.001622 seconds.
Begin MonoManager ReloadAssembly
Native extension for WindowsStandalone target not found
Refreshing native plugins compatible for Editor in 0.36 ms, found 1 plugins.
Preloading 0 native plugins for Editor in 0.00 ms.
Invoked RoslynAnalysisRunner static constructor.
RoslynAnalysisRunner will not be running.
RoslynAnalysisRunner has terminated.
Mono: successfully reloaded assembly
- Completed reload, in  0.976 seconds
Platform modules already initialized, skipping
Refreshing native plugins compatible for Editor in 0.40 ms, found 1 plugins.
Preloading 0 native plugins for Editor in 0.00 ms.
Unloading 1848 Unused Serialized files (Serialized files now loaded: 0)
System memory in use before: 90.1 MB.
System memory in use after: 90.2 MB.

Unloading 7 unused Assets to reduce memory usage. Loaded Objects now: 2413.
Total: 2.004100 ms (FindLiveObjects: 0.207000 ms CreateObjectMapping: 0.084300 ms MarkObjects: 1.691800 ms  DeleteObjects: 0.019500 ms)

========================================================================
Received Prepare
Registering precompiled user dll's ...
Registered in 0.001502 seconds.
Begin MonoManager ReloadAssembly
Native extension for WindowsStandalone target not found
Refreshing native plugins compatible for Editor in 0.38 ms, found 1 plugins.
Preloading 0 native plugins for Editor in 0.00 ms.
Invoked RoslynAnalysisRunner static constructor.
RoslynAnalysisRunner will not be running.
RoslynAnalysisRunner has terminated.
Mono: successfully reloaded assembly
- Completed reload, in  0.929 seconds
Platform modules already initialized, skipping
Refreshing native plugins compatible for Editor in 0.40 ms, found 1 plugins.
Preloading 0 native plugins for Editor in 0.00 ms.
Unloading 1848 Unused Serialized files (Serialized files now loaded: 0)
System memory in use before: 90.1 MB.
System memory in use after: 90.2 MB.

Unloading 7 unused Assets to reduce memory usage. Loaded Objects now: 2417.
Total: 2.214500 ms (FindLiveObjects: 0.260300 ms CreateObjectMapping: 0.074500 ms MarkObjects: 1.859700 ms  DeleteObjects: 0.018500 ms)

========================================================================
Received Prepare
Registering precompiled user dll's ...
Registered in 0.001684 seconds.
Begin MonoManager ReloadAssembly
Native extension for WindowsStandalone target not found
Refreshing native plugins compatible for Editor in 5.22 ms, found 1 plugins.
Preloading 0 native plugins for Editor in 0.00 ms.
Invoked RoslynAnalysisRunner static constructor.
RoslynAnalysisRunner will not be running.
RoslynAnalysisRunner has terminated.
Mono: successfully reloaded assembly
- Completed reload, in  2.005 seconds
Platform modules already initialized, skipping
Refreshing native plugins compatible for Editor in 0.40 ms, found 1 plugins.
Preloading 0 native plugins for Editor in 0.00 ms.
Unloading 1848 Unused Serialized files (Serialized files now loaded: 0)
System memory in use before: 90.1 MB.
System memory in use after: 90.2 MB.

Unloading 7 unused Assets to reduce memory usage. Loaded Objects now: 2421.
Total: 2.224400 ms (FindLiveObjects: 0.209900 ms CreateObjectMapping: 0.076800 ms MarkObjects: 1.915000 ms  DeleteObjects: 0.020600 ms)

========================================================================
Received Prepare
Registering precompiled user dll's ...
Registered in 0.002189 seconds.
Begin MonoManager ReloadAssembly
Native extension for WindowsStandalone target not found
Refreshing native plugins compatible for Editor in 0.38 ms, found 1 plugins.
Preloading 0 native plugins for Editor in 0.00 ms.
Invoked RoslynAnalysisRunner static constructor.
RoslynAnalysisRunner will not be running.
RoslynAnalysisRunner has terminated.
Mono: successfully reloaded assembly
- Completed reload, in  0.992 seconds
Platform modules already initialized, skipping
Refreshing native plugins compatible for Editor in 0.36 ms, found 1 plugins.
Preloading 0 native plugins for Editor in 0.00 ms.
Unloading 1848 Unused Serialized files (Serialized files now loaded: 0)
System memory in use before: 90.1 MB.
System memory in use after: 90.2 MB.

Unloading 7 unused Assets to reduce memory usage. Loaded Objects now: 2425.
Total: 2.219700 ms (FindLiveObjects: 0.219500 ms CreateObjectMapping: 0.068100 ms MarkObjects: 1.911200 ms  DeleteObjects: 0.019500 ms)

========================================================================
Received Prepare
Registering precompiled user dll's ...
Registered in 0.001722 seconds.
Begin MonoManager ReloadAssembly
Native extension for WindowsStandalone target not found
Refreshing native plugins compatible for Editor in 0.38 ms, found 1 plugins.
Preloading 0 native plugins for Editor in 0.00 ms.
Invoked RoslynAnalysisRunner static constructor.
RoslynAnalysisRunner will not be running.
RoslynAnalysisRunner has terminated.
Mono: successfully reloaded assembly
- Completed reload, in  0.968 seconds
Platform modules already initialized, skipping
Refreshing native plugins compatible for Editor in 0.39 ms, found 1 plugins.
Preloading 0 native plugins for Editor in 0.00 ms.
Unloading 1848 Unused Serialized files (Serialized files now loaded: 0)
System memory in use before: 90.1 MB.
System memory in use after: 90.2 MB.

Unloading 7 unused Assets to reduce memory usage. Loaded Objects now: 2429.
Total: 2.450400 ms (FindLiveObjects: 0.410900 ms CreateObjectMapping: 0.112000 ms MarkObjects: 1.907700 ms  DeleteObjects: 0.018400 ms)

